<?xml version="1.0" encoding="UTF-8"?>
<testng-results skipped="0" failed="1" total="1" passed="0">
  <reporter-output>
  </reporter-output>
  <suite name="Default suite" duration-ms="127695" started-at="2017-11-27T16:35:55Z" finished-at="2017-11-27T16:38:02Z">
    <groups>
    </groups>
    <test name="Default test" duration-ms="127695" started-at="2017-11-27T16:35:55Z" finished-at="2017-11-27T16:38:02Z">
      <class name="com.test.testScripts.TestScript">
        <test-method status="PASS" signature="setUp()[pri:0, instance:com.test.testScripts.TestScript@77cd7a0]" name="setUp" is-config="true" duration-ms="12122" started-at="2017-11-27T08:35:42Z" finished-at="2017-11-27T08:35:55Z">
          <reporter-output>
          </reporter-output>
        </test-method> <!-- setUp -->
        <test-method status="FAIL" signature="test1()[pri:0, instance:com.test.testScripts.TestScript@77cd7a0]" name="test1" duration-ms="127658" started-at="2017-11-27T08:35:55Z" finished-at="2017-11-27T08:38:02Z">
          <exception class="org.openqa.selenium.TimeoutException">
            <message>
              <![CDATA[Expected condition failed: waiting for element to be clickable: [[FirefoxDriver: firefox on XP (9118aa0f-7fd3-4211-8609-4616406666a7)] -> xpath: //input[contains(@id,'SilverTextBox')]] (tried for 20 second(s) with 500 MILLISECONDS interval)
Build info: version: '3.6.0', revision: '6fbf3ec767', time: '2017-09-27T15:28:36.4Z'
System info: host: 'EKHS0816', ip: '10.195.155.11', os.name: 'Windows 10', os.arch: 'amd64', os.version: '10.0', java.version: '1.8.0_144'
Driver info: org.openqa.selenium.firefox.FirefoxDriver
Capabilities [{moz:profile=C:\Users\ANJUMM~1\AppData\Local\Temp\rust_mozprofile.yWM4l4ZmNAHx, rotatable=false, timeouts={implicit=0, pageLoad=300000, script=30000}, pageLoadStrategy=normal, platform=XP, specificationLevel=0, moz:accessibilityChecks=false, acceptInsecureCerts=true, browserVersion=55.0.3, platformVersion=10.0, moz:processID=2540, browserName=firefox, javascriptEnabled=true, platformName=XP}]
Session ID: 9118aa0f-7fd3-4211-8609-4616406666a7]]>
            </message>
            <full-stacktrace>
              <![CDATA[org.openqa.selenium.TimeoutException: Expected condition failed: waiting for element to be clickable: [[FirefoxDriver: firefox on XP (9118aa0f-7fd3-4211-8609-4616406666a7)] -> xpath: //input[contains(@id,'SilverTextBox')]] (tried for 20 second(s) with 500 MILLISECONDS interval)
Build info: version: '3.6.0', revision: '6fbf3ec767', time: '2017-09-27T15:28:36.4Z'
System info: host: 'EKHS0816', ip: '10.195.155.11', os.name: 'Windows 10', os.arch: 'amd64', os.version: '10.0', java.version: '1.8.0_144'
Driver info: org.openqa.selenium.firefox.FirefoxDriver
Capabilities [{moz:profile=C:\Users\ANJUMM~1\AppData\Local\Temp\rust_mozprofile.yWM4l4ZmNAHx, rotatable=false, timeouts={implicit=0, pageLoad=300000, script=30000}, pageLoadStrategy=normal, platform=XP, specificationLevel=0, moz:accessibilityChecks=false, acceptInsecureCerts=true, browserVersion=55.0.3, platformVersion=10.0, moz:processID=2540, browserName=firefox, javascriptEnabled=true, platformName=XP}]
Session ID: 9118aa0f-7fd3-4211-8609-4616406666a7
	at org.openqa.selenium.support.ui.WebDriverWait.timeoutException(WebDriverWait.java:82)
	at org.openqa.selenium.support.ui.FluentWait.until(FluentWait.java:231)
	at com.test.Utils.Functions.dynamicWait(Functions.java:64)
	at com.test.Utils.Functions.inputText(Functions.java:17)
	at com.test.pages.BillEntryPage.inputTextIntoPOS(BillEntryPage.java:254)
	at com.test.testScripts.TestScript.fillValuesInLineItemsPage(TestScript.java:194)
	at com.test.testScripts.TestScript.test1(TestScript.java:77)
	at sun.reflect.NativeMethodAccessorImpl.invoke0(Native Method)
	at sun.reflect.NativeMethodAccessorImpl.invoke(Unknown Source)
	at sun.reflect.DelegatingMethodAccessorImpl.invoke(Unknown Source)
	at java.lang.reflect.Method.invoke(Unknown Source)
	at org.testng.internal.MethodInvocationHelper.invokeMethod(MethodInvocationHelper.java:86)
	at org.testng.internal.Invoker.invokeMethod(Invoker.java:643)
	at org.testng.internal.Invoker.invokeTestMethod(Invoker.java:820)
	at org.testng.internal.Invoker.invokeTestMethods(Invoker.java:1128)
	at org.testng.internal.TestMethodWorker.invokeTestMethods(TestMethodWorker.java:129)
	at org.testng.internal.TestMethodWorker.run(TestMethodWorker.java:112)
	at org.testng.TestRunner.privateRun(TestRunner.java:782)
	at org.testng.TestRunner.run(TestRunner.java:632)
	at org.testng.SuiteRunner.runTest(SuiteRunner.java:366)
	at org.testng.SuiteRunner.runSequentially(SuiteRunner.java:361)
	at org.testng.SuiteRunner.privateRun(SuiteRunner.java:319)
	at org.testng.SuiteRunner.run(SuiteRunner.java:268)
	at org.testng.SuiteRunnerWorker.runSuite(SuiteRunnerWorker.java:52)
	at org.testng.SuiteRunnerWorker.run(SuiteRunnerWorker.java:86)
	at org.testng.TestNG.runSuitesSequentially(TestNG.java:1244)
	at org.testng.TestNG.runSuitesLocally(TestNG.java:1169)
	at org.testng.TestNG.run(TestNG.java:1064)
	at org.testng.remote.AbstractRemoteTestNG.run(AbstractRemoteTestNG.java:114)
	at org.testng.remote.RemoteTestNG.initAndRun(RemoteTestNG.java:251)
	at org.testng.remote.RemoteTestNG.main(RemoteTestNG.java:77)
]]>
            </full-stacktrace>
          </exception> <!-- org.openqa.selenium.TimeoutException -->
          <reporter-output>
          </reporter-output>
        </test-method> <!-- test1 -->
        <test-method status="PASS" signature="tearDown()[pri:0, instance:com.test.testScripts.TestScript@77cd7a0]" name="tearDown" is-config="true" duration-ms="1381" started-at="2017-11-27T08:38:02Z" finished-at="2017-11-27T08:38:04Z">
          <reporter-output>
          </reporter-output>
        </test-method> <!-- tearDown -->
      </class> <!-- com.test.testScripts.TestScript -->
    </test> <!-- Default test -->
  </suite> <!-- Default suite -->
</testng-results>
